           [STARTING] RUNID : 240516_VL00115_531_AAFKY2KM5
           [INFO] Process directory path 	 	 : /data/scratch/vijender.singh/240516_VL00115_531_AAFKY2KM5
           [INFO] raw_data directory path 	 	 : /hpscol02/tenant1/ngsservice/raw_data/nextseq/VL00115/240516_VL00115_531_AAFKY2KM5
           [INFO] machine_fastqs directory path 	 : /hpscol02/tenant1/ngsservice/machine_fastqs/nextseq/VL00115
           [INFO] run_data directory path 	 	 : /hpscol02/tenant1/ngsservice/run_data/nextseq/VL00115
           [INFO] results directory path 	 	 : /hpscol02/tenant1/ngsservice/results
           [INFO] Instance type [debug?] 	 	 : No debug: Actual instance
           [INFO] Is this a dryrun? 	 	 	 : FALSE
           [STAGE] START OF ARCHIVAL PROCESS
   (\_)    [2025-05-29 17:15:33] Running: tar -cvzf - -C "/hpscol02/tenant1/ngsservice/raw_data/nextseq/VL00115" "240516_VL00115_531_AAFKY2KM5" --exclude=Undetermined_*.fastq.gz | split -b "20G" - "/data/scratch/vijender.singh/240516_VL00115_531_AAFKY2KM5/raw_data-240516_VL00115_531_AAFKY2KM5.tar.gz."
[01:22:34] [2025-05-29 18:38:07] SUCCESS: tar -cvzf - -C "/hpscol02/tenant1/ngsservice/raw_data/nextseq/VL00115" "240516_VL00115_531_AAFKY2KM5" --exclude=Undetermined_*.fastq.gz | split -b "20G" - "/data/scratch/vijender.singh/240516_VL00115_531_AAFKY2KM5/raw_data-240516_VL00115_531_AAFKY2KM5.tar.gz."
   (\_)    [2025-05-29 18:38:07] Running: tar -cvzf - -C "/hpscol02/tenant1/ngsservice/machine_fastqs/nextseq/VL00115" "240516_VL00115_531_AAFKY2KM5" --exclude=Undetermined_*.fastq.gz | split -b "20G" - "/data/scratch/vijender.singh/240516_VL00115_531_AAFKY2KM5/machine_fastqs_runDir-240516_VL00115_531_AAFKY2KM5.tar.gz."
[00:00:01] [2025-05-29 18:38:08] SUCCESS: tar -cvzf - -C "/hpscol02/tenant1/ngsservice/machine_fastqs/nextseq/VL00115" "240516_VL00115_531_AAFKY2KM5" --exclude=Undetermined_*.fastq.gz | split -b "20G" - "/data/scratch/vijender.singh/240516_VL00115_531_AAFKY2KM5/machine_fastqs_runDir-240516_VL00115_531_AAFKY2KM5.tar.gz."
   (\_)    [2025-05-29 18:38:08] Running: tar -cvzf - -C "/hpscol02/tenant1/ngsservice/machine_fastqs/nextseq/VL00115" "240516_VL00115_531_AAFKY2KM5_indexsetD" --exclude=Undetermined_*.fastq.gz | split -b "20G" - "/data/scratch/vijender.singh/240516_VL00115_531_AAFKY2KM5/machine_fastqs-240516_VL00115_531_AAFKY2KM5_indexsetD.tar.gz."
[00:01:03] [2025-05-29 18:39:11] SUCCESS: tar -cvzf - -C "/hpscol02/tenant1/ngsservice/machine_fastqs/nextseq/VL00115" "240516_VL00115_531_AAFKY2KM5_indexsetD" --exclude=Undetermined_*.fastq.gz | split -b "20G" - "/data/scratch/vijender.singh/240516_VL00115_531_AAFKY2KM5/machine_fastqs-240516_VL00115_531_AAFKY2KM5_indexsetD.tar.gz."
   (\_)    [2025-05-29 18:39:11] Running: tar -cvzf - -C "/hpscol02/tenant1/ngsservice/machine_fastqs/nextseq/VL00115" "240516_VL00115_531_AAFKY2KM5_indexsetA" --exclude=Undetermined_*.fastq.gz | split -b "20G" - "/data/scratch/vijender.singh/240516_VL00115_531_AAFKY2KM5/machine_fastqs-240516_VL00115_531_AAFKY2KM5_indexsetA.tar.gz."
[00:00:48] [2025-05-29 18:39:59] SUCCESS: tar -cvzf - -C "/hpscol02/tenant1/ngsservice/machine_fastqs/nextseq/VL00115" "240516_VL00115_531_AAFKY2KM5_indexsetA" --exclude=Undetermined_*.fastq.gz | split -b "20G" - "/data/scratch/vijender.singh/240516_VL00115_531_AAFKY2KM5/machine_fastqs-240516_VL00115_531_AAFKY2KM5_indexsetA.tar.gz."
   (\_)    [2025-05-29 18:39:59] Running: tar -cvzf - -C "/hpscol02/tenant1/ngsservice/run_data/nextseq/VL00115" "240516_VL00115_531_AAFKY2KM5_indexsetD" --exclude=Undetermined_*.fastq.gz | split -b "20G" - "/data/scratch/vijender.singh/240516_VL00115_531_AAFKY2KM5/run_data-240516_VL00115_531_AAFKY2KM5_indexsetD.tar.gz."
[00:25:07] [2025-05-29 19:05:06] SUCCESS: tar -cvzf - -C "/hpscol02/tenant1/ngsservice/run_data/nextseq/VL00115" "240516_VL00115_531_AAFKY2KM5_indexsetD" --exclude=Undetermined_*.fastq.gz | split -b "20G" - "/data/scratch/vijender.singh/240516_VL00115_531_AAFKY2KM5/run_data-240516_VL00115_531_AAFKY2KM5_indexsetD.tar.gz."
   (\_)    [2025-05-29 19:05:06] Running: tar -cvzf - -C "/hpscol02/tenant1/ngsservice/run_data/nextseq/VL00115" "240516_VL00115_531_AAFKY2KM5_indexsetA" --exclude=Undetermined_*.fastq.gz | split -b "20G" - "/data/scratch/vijender.singh/240516_VL00115_531_AAFKY2KM5/run_data-240516_VL00115_531_AAFKY2KM5_indexsetA.tar.gz."
[00:19:40] [2025-05-29 19:24:46] SUCCESS: tar -cvzf - -C "/hpscol02/tenant1/ngsservice/run_data/nextseq/VL00115" "240516_VL00115_531_AAFKY2KM5_indexsetA" --exclude=Undetermined_*.fastq.gz | split -b "20G" - "/data/scratch/vijender.singh/240516_VL00115_531_AAFKY2KM5/run_data-240516_VL00115_531_AAFKY2KM5_indexsetA.tar.gz."
           [INFO] No unclassified (without suffix indexsetN or -all) run_data directories to tarball for RUN : 240516_VL00115_531_AAFKY2KM5
   (\_)    [2025-05-29 19:24:50] Running: tar -cvzf - -C "/hpscol02/tenant1/ngsservice/results" "240516_VL00115_531_AAFKY2KM5_indexsetD" --exclude=Undetermined_*.fastq.gz | split -b "20G" - "/data/scratch/vijender.singh/240516_VL00115_531_AAFKY2KM5/results-240516_VL00115_531_AAFKY2KM5_indexsetD.tar.gz."
[00:01:34] [2025-05-29 19:26:24] SUCCESS: tar -cvzf - -C "/hpscol02/tenant1/ngsservice/results" "240516_VL00115_531_AAFKY2KM5_indexsetD" --exclude=Undetermined_*.fastq.gz | split -b "20G" - "/data/scratch/vijender.singh/240516_VL00115_531_AAFKY2KM5/results-240516_VL00115_531_AAFKY2KM5_indexsetD.tar.gz."
   (\_)    [2025-05-29 19:26:24] Running: tar -cvzf - -C "/hpscol02/tenant1/ngsservice/results" "240516_VL00115_531_AAFKY2KM5_indexsetA" --exclude=Undetermined_*.fastq.gz | split -b "20G" - "/data/scratch/vijender.singh/240516_VL00115_531_AAFKY2KM5/results-240516_VL00115_531_AAFKY2KM5_indexsetA.tar.gz."
[00:07:01] [2025-05-29 19:33:25] SUCCESS: tar -cvzf - -C "/hpscol02/tenant1/ngsservice/results" "240516_VL00115_531_AAFKY2KM5_indexsetA" --exclude=Undetermined_*.fastq.gz | split -b "20G" - "/data/scratch/vijender.singh/240516_VL00115_531_AAFKY2KM5/results-240516_VL00115_531_AAFKY2KM5_indexsetA.tar.gz."
           [INFO] No unclassified (without suffix indexsetN or -all) results directories to tarball for RUN : 240516_VL00115_531_AAFKY2KM5
==> [02:17:54] time taken for START_TIME_1 metadata collection and Tarballing Run related data including Rawdata
 
=========================================================
===>        iRODS Archive process Begins             <===
=========================================================
 
   (\_)    [2025-05-29 19:41:30]                            Running: iput -f -N 1 -R s3_resc -X 240516_VL00115_531_AAFKY2KM5.restartlog --retries 3 -K /data/scratch/vijender.singh/240516_VL00115_531_AAFKY2KM5/240516_VL00115_531_AAFKY2KM5_samplesheet.csv year_2024/240516_VL00115_531_AAFKY2KM5/
[00:00:01] [2025-05-29 19:41:31] [144.16 KB] [144.16 KB/s]  SUCCESS: iput -f -N 1 -R s3_resc -X 240516_VL00115_531_AAFKY2KM5.restartlog --retries 3 -K /data/scratch/vijender.singh/240516_VL00115_531_AAFKY2KM5/240516_VL00115_531_AAFKY2KM5_samplesheet.csv year_2024/240516_VL00115_531_AAFKY2KM5/
   (\_)    [2025-05-29 19:41:33]                            Running: iput -f -N 1 -R s3_resc -X 240516_VL00115_531_AAFKY2KM5.restartlog --retries 3 -K /data/scratch/vijender.singh/240516_VL00115_531_AAFKY2KM5/raw_data-240516_VL00115_531_AAFKY2KM5.tar.gz.ab year_2024/240516_VL00115_531_AAFKY2KM5/
[01:03:42] [2025-05-29 20:45:15] [20.00 GB] [5.36 MB/s]     SUCCESS: iput -f -N 1 -R s3_resc -X 240516_VL00115_531_AAFKY2KM5.restartlog --retries 3 -K /data/scratch/vijender.singh/240516_VL00115_531_AAFKY2KM5/raw_data-240516_VL00115_531_AAFKY2KM5.tar.gz.ab year_2024/240516_VL00115_531_AAFKY2KM5/
   (\_)    [2025-05-29 20:45:17]                            Running: iput -f -N 1 -R s3_resc -X 240516_VL00115_531_AAFKY2KM5.restartlog --retries 3 -K /data/scratch/vijender.singh/240516_VL00115_531_AAFKY2KM5/raw_data-240516_VL00115_531_AAFKY2KM5.tar.gz.aa year_2024/240516_VL00115_531_AAFKY2KM5/
[01:11:26] [2025-05-29 21:56:43] [20.00 GB] [4.78 MB/s]     SUCCESS: iput -f -N 1 -R s3_resc -X 240516_VL00115_531_AAFKY2KM5.restartlog --retries 3 -K /data/scratch/vijender.singh/240516_VL00115_531_AAFKY2KM5/raw_data-240516_VL00115_531_AAFKY2KM5.tar.gz.aa year_2024/240516_VL00115_531_AAFKY2KM5/
   (\_)    [2025-05-29 21:56:45]                            Running: iput -f -N 1 -R s3_resc -X 240516_VL00115_531_AAFKY2KM5.restartlog --retries 3 -K /data/scratch/vijender.singh/240516_VL00115_531_AAFKY2KM5/raw_data-240516_VL00115_531_AAFKY2KM5.tar.gz.ac year_2024/240516_VL00115_531_AAFKY2KM5/
[00:13:43] [2025-05-29 22:10:28] [5.24 GB] [6.53 MB/s]      SUCCESS: iput -f -N 1 -R s3_resc -X 240516_VL00115_531_AAFKY2KM5.restartlog --retries 3 -K /data/scratch/vijender.singh/240516_VL00115_531_AAFKY2KM5/raw_data-240516_VL00115_531_AAFKY2KM5.tar.gz.ac year_2024/240516_VL00115_531_AAFKY2KM5/
   (\_)    [2025-05-29 22:11:49]                            Running: iput -f -N 1 -R s3_resc -X 240516_VL00115_531_AAFKY2KM5.restartlog --retries 3 -K /data/scratch/vijender.singh/240516_VL00115_531_AAFKY2KM5/machine_fastqs_runDir-240516_VL00115_531_AAFKY2KM5.tar.gz.aa year_2024/240516_VL00115_531_AAFKY2KM5/machine_fastqs_runDir-240516_VL00115_531_AAFKY2KM5/
[00:00:01] [2025-05-29 22:11:50] [39.77 KB] [39.78 KB/s]    SUCCESS: iput -f -N 1 -R s3_resc -X 240516_VL00115_531_AAFKY2KM5.restartlog --retries 3 -K /data/scratch/vijender.singh/240516_VL00115_531_AAFKY2KM5/machine_fastqs_runDir-240516_VL00115_531_AAFKY2KM5.tar.gz.aa year_2024/240516_VL00115_531_AAFKY2KM5/machine_fastqs_runDir-240516_VL00115_531_AAFKY2KM5/
           [INFO]  These indexsets were used in RUN  	 : indexsetA indexsetD
   (\_)    [2025-05-29 22:12:38]                            Running: iput -f -N 1 -R s3_resc -X 240516_VL00115_531_AAFKY2KM5.restartlog --retries 3 -K /data/scratch/vijender.singh/240516_VL00115_531_AAFKY2KM5/run_data-240516_VL00115_531_AAFKY2KM5_indexsetA.tar.gz.ab year_2024/240516_VL00115_531_AAFKY2KM5/240516_VL00115_531_AAFKY2KM5_indexsetA/
[00:16:14] [2025-05-29 22:28:52] [6.21 GB] [6.53 MB/s]      SUCCESS: iput -f -N 1 -R s3_resc -X 240516_VL00115_531_AAFKY2KM5.restartlog --retries 3 -K /data/scratch/vijender.singh/240516_VL00115_531_AAFKY2KM5/run_data-240516_VL00115_531_AAFKY2KM5_indexsetA.tar.gz.ab year_2024/240516_VL00115_531_AAFKY2KM5/240516_VL00115_531_AAFKY2KM5_indexsetA/
   (\_)    [2025-05-29 22:28:53]                            Running: iput -f -N 1 -R s3_resc -X 240516_VL00115_531_AAFKY2KM5.restartlog --retries 3 -K /data/scratch/vijender.singh/240516_VL00115_531_AAFKY2KM5/results-240516_VL00115_531_AAFKY2KM5_indexsetA.tar.gz.aa year_2024/240516_VL00115_531_AAFKY2KM5/240516_VL00115_531_AAFKY2KM5_indexsetA/
[00:20:32] [2025-05-29 22:49:25] [9.01 GB] [7.49 MB/s]      SUCCESS: iput -f -N 1 -R s3_resc -X 240516_VL00115_531_AAFKY2KM5.restartlog --retries 3 -K /data/scratch/vijender.singh/240516_VL00115_531_AAFKY2KM5/results-240516_VL00115_531_AAFKY2KM5_indexsetA.tar.gz.aa year_2024/240516_VL00115_531_AAFKY2KM5/240516_VL00115_531_AAFKY2KM5_indexsetA/
   (\_)    [2025-05-29 22:49:26]                            Running: iput -f -N 1 -R s3_resc -X 240516_VL00115_531_AAFKY2KM5.restartlog --retries 3 -K /data/scratch/vijender.singh/240516_VL00115_531_AAFKY2KM5/machine_fastqs-240516_VL00115_531_AAFKY2KM5_indexsetA.tar.gz.aa year_2024/240516_VL00115_531_AAFKY2KM5/240516_VL00115_531_AAFKY2KM5_indexsetA/
[00:00:16] [2025-05-29 22:49:42] [107.01 MB] [6.69 MB/s]    SUCCESS: iput -f -N 1 -R s3_resc -X 240516_VL00115_531_AAFKY2KM5.restartlog --retries 3 -K /data/scratch/vijender.singh/240516_VL00115_531_AAFKY2KM5/machine_fastqs-240516_VL00115_531_AAFKY2KM5_indexsetA.tar.gz.aa year_2024/240516_VL00115_531_AAFKY2KM5/240516_VL00115_531_AAFKY2KM5_indexsetA/
   (\_)    [2025-05-29 22:49:43]                            Running: iput -f -N 1 -R s3_resc -X 240516_VL00115_531_AAFKY2KM5.restartlog --retries 3 -K /data/scratch/vijender.singh/240516_VL00115_531_AAFKY2KM5/run_data-240516_VL00115_531_AAFKY2KM5_indexsetA.tar.gz.aa year_2024/240516_VL00115_531_AAFKY2KM5/240516_VL00115_531_AAFKY2KM5_indexsetA/
[00:53:53] [2025-05-29 23:43:36] [20.00 GB] [6.33 MB/s]     SUCCESS: iput -f -N 1 -R s3_resc -X 240516_VL00115_531_AAFKY2KM5.restartlog --retries 3 -K /data/scratch/vijender.singh/240516_VL00115_531_AAFKY2KM5/run_data-240516_VL00115_531_AAFKY2KM5_indexsetA.tar.gz.aa year_2024/240516_VL00115_531_AAFKY2KM5/240516_VL00115_531_AAFKY2KM5_indexsetA/
   (\_)    [2025-05-29 23:44:11]                            Running: iput -f -N 1 -R s3_resc -X 240516_VL00115_531_AAFKY2KM5.restartlog --retries 3 -K /data/scratch/vijender.singh/240516_VL00115_531_AAFKY2KM5/results-240516_VL00115_531_AAFKY2KM5_indexsetD.tar.gz.aa year_2024/240516_VL00115_531_AAFKY2KM5/240516_VL00115_531_AAFKY2KM5_indexsetD/
[00:04:18] [2025-05-29 23:48:29] [1.89 GB] [7.51 MB/s]      SUCCESS: iput -f -N 1 -R s3_resc -X 240516_VL00115_531_AAFKY2KM5.restartlog --retries 3 -K /data/scratch/vijender.singh/240516_VL00115_531_AAFKY2KM5/results-240516_VL00115_531_AAFKY2KM5_indexsetD.tar.gz.aa year_2024/240516_VL00115_531_AAFKY2KM5/240516_VL00115_531_AAFKY2KM5_indexsetD/
   (\_)    [2025-05-29 23:48:31]                            Running: iput -f -N 1 -R s3_resc -X 240516_VL00115_531_AAFKY2KM5.restartlog --retries 3 -K /data/scratch/vijender.singh/240516_VL00115_531_AAFKY2KM5/run_data-240516_VL00115_531_AAFKY2KM5_indexsetD.tar.gz.ab year_2024/240516_VL00115_531_AAFKY2KM5/240516_VL00115_531_AAFKY2KM5_indexsetD/
[00:55:22] [2025-05-30 00:43:53] [14.74 GB] [4.55 MB/s]     SUCCESS: iput -f -N 1 -R s3_resc -X 240516_VL00115_531_AAFKY2KM5.restartlog --retries 3 -K /data/scratch/vijender.singh/240516_VL00115_531_AAFKY2KM5/run_data-240516_VL00115_531_AAFKY2KM5_indexsetD.tar.gz.ab year_2024/240516_VL00115_531_AAFKY2KM5/240516_VL00115_531_AAFKY2KM5_indexsetD/
   (\_)    [2025-05-30 00:43:55]                            Running: iput -f -N 1 -R s3_resc -X 240516_VL00115_531_AAFKY2KM5.restartlog --retries 3 -K /data/scratch/vijender.singh/240516_VL00115_531_AAFKY2KM5/run_data-240516_VL00115_531_AAFKY2KM5_indexsetD.tar.gz.aa year_2024/240516_VL00115_531_AAFKY2KM5/240516_VL00115_531_AAFKY2KM5_indexsetD/
[03:38:49] [2025-05-30 04:22:44] [20.00 GB] [1.56 MB/s]     SUCCESS: iput -f -N 1 -R s3_resc -X 240516_VL00115_531_AAFKY2KM5.restartlog --retries 3 -K /data/scratch/vijender.singh/240516_VL00115_531_AAFKY2KM5/run_data-240516_VL00115_531_AAFKY2KM5_indexsetD.tar.gz.aa year_2024/240516_VL00115_531_AAFKY2KM5/240516_VL00115_531_AAFKY2KM5_indexsetD/
   (\_)    [2025-05-30 04:22:45]                            Running: iput -f -N 1 -R s3_resc -X 240516_VL00115_531_AAFKY2KM5.restartlog --retries 3 -K /data/scratch/vijender.singh/240516_VL00115_531_AAFKY2KM5/machine_fastqs-240516_VL00115_531_AAFKY2KM5_indexsetD.tar.gz.aa year_2024/240516_VL00115_531_AAFKY2KM5/240516_VL00115_531_AAFKY2KM5_indexsetD/
[00:00:17] [2025-05-30 04:23:02] [106.96 MB] [6.29 MB/s]    SUCCESS: iput -f -N 1 -R s3_resc -X 240516_VL00115_531_AAFKY2KM5.restartlog --retries 3 -K /data/scratch/vijender.singh/240516_VL00115_531_AAFKY2KM5/machine_fastqs-240516_VL00115_531_AAFKY2KM5_indexsetD.tar.gz.aa year_2024/240516_VL00115_531_AAFKY2KM5/240516_VL00115_531_AAFKY2KM5_indexsetD/
           [INFO] No all-labelled files to archive for indexset: all
           [INFO] No Loose ends : Everything Archived properly
==> [08:41:34] time taken for START_TIME_2 Archiving to iRODS and addition of metadata.
