           [STARTING] RUNID : 241223_VL00115_669_AAGC7F3M
           [INFO] Process directory path 	 	 : /data/scratch/vijender.singh/241223_VL00115_669_AAGC7F3M
           [INFO] raw_data directory path 	 	 : /hpscol02/tenant1/ngsservice/raw_data/nextseq/VL00115/241223_VL00115_669_AAGC7F3M
           [INFO] machine_fastqs directory path 	 : /hpscol02/tenant1/ngsservice/machine_fastqs/nextseq/VL00115
           [INFO] run_data directory path 	 	 : /hpscol02/tenant1/ngsservice/run_data/nextseq/VL00115
           [INFO] results directory path 	 	 : /hpscol02/tenant1/ngsservice/results
           [INFO] Instance type [debug?] 	 	 : No debug: Actual instance
           [INFO] Is this a dryrun? 	 	 	 : FALSE
           [STAGE] START OF ARCHIVAL PROCESS
   (\_)    [2025-05-27 10:50:31] Running: tar -cvzf - -C "/hpscol02/tenant1/ngsservice/raw_data/nextseq/VL00115" "241223_VL00115_669_AAGC7F3M5" --exclude=Undetermined_*.fastq.gz | split -b "20G" - "/data/scratch/vijender.singh/241223_VL00115_669_AAGC7F3M/raw_data-241223_VL00115_669_AAGC7F3M5.tar.gz."
[01:33:30] [2025-05-27 12:24:01] SUCCESS: tar -cvzf - -C "/hpscol02/tenant1/ngsservice/raw_data/nextseq/VL00115" "241223_VL00115_669_AAGC7F3M5" --exclude=Undetermined_*.fastq.gz | split -b "20G" - "/data/scratch/vijender.singh/241223_VL00115_669_AAGC7F3M/raw_data-241223_VL00115_669_AAGC7F3M5.tar.gz."
   (\_)    [2025-05-27 12:24:04] Running: tar -cvzf - -C "/hpscol02/tenant1/ngsservice/raw_data/nextseq/VL00115" "241223_VL00115_669_AAGC7F3M5-RERUN" --exclude=Undetermined_*.fastq.gz | split -b "20G" - "/data/scratch/vijender.singh/241223_VL00115_669_AAGC7F3M/raw_data-241223_VL00115_669_AAGC7F3M5-RERUN.tar.gz."
[00:00:01] [2025-05-27 12:24:05] SUCCESS: tar -cvzf - -C "/hpscol02/tenant1/ngsservice/raw_data/nextseq/VL00115" "241223_VL00115_669_AAGC7F3M5-RERUN" --exclude=Undetermined_*.fastq.gz | split -b "20G" - "/data/scratch/vijender.singh/241223_VL00115_669_AAGC7F3M/raw_data-241223_VL00115_669_AAGC7F3M5-RERUN.tar.gz."
   (\_)    [2025-05-27 12:24:06] Running: tar -cvzf - -C "/hpscol02/tenant1/ngsservice/machine_fastqs/nextseq/VL00115" "241223_VL00115_669_AAGC7F3M5-RERUN" --exclude=Undetermined_*.fastq.gz | split -b "20G" - "/data/scratch/vijender.singh/241223_VL00115_669_AAGC7F3M/machine_fastqs_runDir-241223_VL00115_669_AAGC7F3M5-RERUN.tar.gz."
[00:00:03] [2025-05-27 12:24:09] SUCCESS: tar -cvzf - -C "/hpscol02/tenant1/ngsservice/machine_fastqs/nextseq/VL00115" "241223_VL00115_669_AAGC7F3M5-RERUN" --exclude=Undetermined_*.fastq.gz | split -b "20G" - "/data/scratch/vijender.singh/241223_VL00115_669_AAGC7F3M/machine_fastqs_runDir-241223_VL00115_669_AAGC7F3M5-RERUN.tar.gz."
   (\_)    [2025-05-27 12:24:10] Running: tar -cvzf - -C "/hpscol02/tenant1/ngsservice/machine_fastqs/nextseq/VL00115" "241223_VL00115_669_AAGC7F3M5-RERUN_indexsetB" --exclude=Undetermined_*.fastq.gz | split -b "20G" - "/data/scratch/vijender.singh/241223_VL00115_669_AAGC7F3M/machine_fastqs-241223_VL00115_669_AAGC7F3M5-RERUN_indexsetB.tar.gz."
[00:01:09] [2025-05-27 12:25:19] SUCCESS: tar -cvzf - -C "/hpscol02/tenant1/ngsservice/machine_fastqs/nextseq/VL00115" "241223_VL00115_669_AAGC7F3M5-RERUN_indexsetB" --exclude=Undetermined_*.fastq.gz | split -b "20G" - "/data/scratch/vijender.singh/241223_VL00115_669_AAGC7F3M/machine_fastqs-241223_VL00115_669_AAGC7F3M5-RERUN_indexsetB.tar.gz."
   (\_)    [2025-05-27 12:25:19] Running: tar -cvzf - -C "/hpscol02/tenant1/ngsservice/run_data/nextseq/VL00115" "241223_VL00115_669_AAGC7F3M5_indexsetA" --exclude=Undetermined_*.fastq.gz | split -b "20G" - "/data/scratch/vijender.singh/241223_VL00115_669_AAGC7F3M/run_data-241223_VL00115_669_AAGC7F3M5_indexsetA.tar.gz."
[00:33:56] [2025-05-27 12:59:15] SUCCESS: tar -cvzf - -C "/hpscol02/tenant1/ngsservice/run_data/nextseq/VL00115" "241223_VL00115_669_AAGC7F3M5_indexsetA" --exclude=Undetermined_*.fastq.gz | split -b "20G" - "/data/scratch/vijender.singh/241223_VL00115_669_AAGC7F3M/run_data-241223_VL00115_669_AAGC7F3M5_indexsetA.tar.gz."
   (\_)    [2025-05-27 12:59:15] Running: tar -cvzf - -C "/hpscol02/tenant1/ngsservice/run_data/nextseq/VL00115" "241223_VL00115_669_AAGC7F3M5_indexsetB" --exclude=Undetermined_*.fastq.gz | split -b "20G" - "/data/scratch/vijender.singh/241223_VL00115_669_AAGC7F3M/run_data-241223_VL00115_669_AAGC7F3M5_indexsetB.tar.gz."
[00:18:47] [2025-05-27 13:18:03] SUCCESS: tar -cvzf - -C "/hpscol02/tenant1/ngsservice/run_data/nextseq/VL00115" "241223_VL00115_669_AAGC7F3M5_indexsetB" --exclude=Undetermined_*.fastq.gz | split -b "20G" - "/data/scratch/vijender.singh/241223_VL00115_669_AAGC7F3M/run_data-241223_VL00115_669_AAGC7F3M5_indexsetB.tar.gz."
   (\_)    [2025-05-27 13:18:03] Running: tar -cvzf - -C "/hpscol02/tenant1/ngsservice/run_data/nextseq/VL00115" "241223_VL00115_669_AAGC7F3M5-RERUN_indexsetB" --exclude=Undetermined_*.fastq.gz | split -b "20G" - "/data/scratch/vijender.singh/241223_VL00115_669_AAGC7F3M/run_data-241223_VL00115_669_AAGC7F3M5-RERUN_indexsetB.tar.gz."
[00:01:06] [2025-05-27 13:19:09] SUCCESS: tar -cvzf - -C "/hpscol02/tenant1/ngsservice/run_data/nextseq/VL00115" "241223_VL00115_669_AAGC7F3M5-RERUN_indexsetB" --exclude=Undetermined_*.fastq.gz | split -b "20G" - "/data/scratch/vijender.singh/241223_VL00115_669_AAGC7F3M/run_data-241223_VL00115_669_AAGC7F3M5-RERUN_indexsetB.tar.gz."
           [INFO] No unclassified (without suffix indexsetN or -all) run_data directories to tarball for RUN : 241223_VL00115_669_AAGC7F3M
   (\_)    [2025-05-27 13:19:09] Running: tar -cvzf - -C "/hpscol02/tenant1/ngsservice/results" "241223_VL00115_669_AAGC7F3M5_indexsetA" --exclude=Undetermined_*.fastq.gz | split -b "20G" - "/data/scratch/vijender.singh/241223_VL00115_669_AAGC7F3M/results-241223_VL00115_669_AAGC7F3M5_indexsetA.tar.gz."
[00:13:41] [2025-05-27 13:32:50] SUCCESS: tar -cvzf - -C "/hpscol02/tenant1/ngsservice/results" "241223_VL00115_669_AAGC7F3M5_indexsetA" --exclude=Undetermined_*.fastq.gz | split -b "20G" - "/data/scratch/vijender.singh/241223_VL00115_669_AAGC7F3M/results-241223_VL00115_669_AAGC7F3M5_indexsetA.tar.gz."
   (\_)    [2025-05-27 13:32:50] Running: tar -cvzf - -C "/hpscol02/tenant1/ngsservice/results" "241223_VL00115_669_AAGC7F3M5-RERUN_indexsetB" --exclude=Undetermined_*.fastq.gz | split -b "20G" - "/data/scratch/vijender.singh/241223_VL00115_669_AAGC7F3M/results-241223_VL00115_669_AAGC7F3M5-RERUN_indexsetB.tar.gz."
[00:00:26] [2025-05-27 13:33:16] SUCCESS: tar -cvzf - -C "/hpscol02/tenant1/ngsservice/results" "241223_VL00115_669_AAGC7F3M5-RERUN_indexsetB" --exclude=Undetermined_*.fastq.gz | split -b "20G" - "/data/scratch/vijender.singh/241223_VL00115_669_AAGC7F3M/results-241223_VL00115_669_AAGC7F3M5-RERUN_indexsetB.tar.gz."
           [INFO] No unclassified (without suffix indexsetN or -all) results directories to tarball for RUN : 241223_VL00115_669_AAGC7F3M
==> [02:42:47] time taken for START_TIME_1 metadata collection and Tarballing Run related data including Rawdata
 
=========================================================
===>        iRODS Archive process Begins             <===
=========================================================
 
   (\_)    [2025-05-28 18:51:35]                            Running: iput -f  -K /data/scratch/vijender.singh/241223_VL00115_669_AAGC7F3M5/241223_VL00115_669_AAGC7F3M5_samplesheet.csv year_2024/241223_VL00115_669_AAGC7F3M5/
[00:00:01] [2025-05-28 18:51:36] [109.77 KB] [109.77 KB/s]  SUCCESS: iput -f  -K /data/scratch/vijender.singh/241223_VL00115_669_AAGC7F3M5/241223_VL00115_669_AAGC7F3M5_samplesheet.csv year_2024/241223_VL00115_669_AAGC7F3M5/
   (\_)    [2025-05-28 18:51:37]                            Running: iput -f  -K /data/scratch/vijender.singh/241223_VL00115_669_AAGC7F3M5/raw_data-241223_VL00115_669_AAGC7F3M5.tar.gz.aa year_2024/241223_VL00115_669_AAGC7F3M5/
[00:55:12] [2025-05-28 19:46:49] [20.00 GB] [6.18 MB/s]     SUCCESS: iput -f  -K /data/scratch/vijender.singh/241223_VL00115_669_AAGC7F3M5/raw_data-241223_VL00115_669_AAGC7F3M5.tar.gz.aa year_2024/241223_VL00115_669_AAGC7F3M5/
   (\_)    [2025-05-28 19:46:50]                            Running: iput -f  -K /data/scratch/vijender.singh/241223_VL00115_669_AAGC7F3M5/raw_data-241223_VL00115_669_AAGC7F3M5-RERUN.tar.gz.aa year_2024/241223_VL00115_669_AAGC7F3M5/
[00:00:01] [2025-05-28 19:46:51] [9.64 KB] [9.64 KB/s]      SUCCESS: iput -f  -K /data/scratch/vijender.singh/241223_VL00115_669_AAGC7F3M5/raw_data-241223_VL00115_669_AAGC7F3M5-RERUN.tar.gz.aa year_2024/241223_VL00115_669_AAGC7F3M5/
   (\_)    [2025-05-28 19:46:53]                            Running: iput -f  -K /data/scratch/vijender.singh/241223_VL00115_669_AAGC7F3M5/raw_data-241223_VL00115_669_AAGC7F3M5.tar.gz.ab year_2024/241223_VL00115_669_AAGC7F3M5/
[00:54:39] [2025-05-28 20:41:32] [20.00 GB] [6.25 MB/s]     SUCCESS: iput -f  -K /data/scratch/vijender.singh/241223_VL00115_669_AAGC7F3M5/raw_data-241223_VL00115_669_AAGC7F3M5.tar.gz.ab year_2024/241223_VL00115_669_AAGC7F3M5/
   (\_)    [2025-05-28 20:41:34]                            Running: iput -f  -K /data/scratch/vijender.singh/241223_VL00115_669_AAGC7F3M5/raw_data-241223_VL00115_669_AAGC7F3M5.tar.gz.ac year_2024/241223_VL00115_669_AAGC7F3M5/
[00:16:50] [2025-05-28 20:58:24] [5.51 GB] [5.59 MB/s]      SUCCESS: iput -f  -K /data/scratch/vijender.singh/241223_VL00115_669_AAGC7F3M5/raw_data-241223_VL00115_669_AAGC7F3M5.tar.gz.ac year_2024/241223_VL00115_669_AAGC7F3M5/
   (\_)    [2025-05-28 20:59:49]                            Running: iput -f  -K /data/scratch/vijender.singh/241223_VL00115_669_AAGC7F3M5/machine_fastqs_runDir-241223_VL00115_669_AAGC7F3M5-RERUN.tar.gz.aa year_2024/241223_VL00115_669_AAGC7F3M5/machine_fastqs_runDir-241223_VL00115_669_AAGC7F3M5/
[00:00:01] [2025-05-28 20:59:50] [6.16 KB] [6.17 KB/s]      SUCCESS: iput -f  -K /data/scratch/vijender.singh/241223_VL00115_669_AAGC7F3M5/machine_fastqs_runDir-241223_VL00115_669_AAGC7F3M5-RERUN.tar.gz.aa year_2024/241223_VL00115_669_AAGC7F3M5/machine_fastqs_runDir-241223_VL00115_669_AAGC7F3M5/
           [INFO]  These indexsets were used in RUN  	 : indexsetA indexsetB
   (\_)    [2025-05-28 21:00:36]                            Running: iput -f  -K /data/scratch/vijender.singh/241223_VL00115_669_AAGC7F3M5/results-241223_VL00115_669_AAGC7F3M5_indexsetA.tar.gz.aa year_2024/241223_VL00115_669_AAGC7F3M5/241223_VL00115_669_AAGC7F3M5_indexsetA/
[00:32:57] [2025-05-28 21:33:33] [14.02 GB] [7.26 MB/s]     SUCCESS: iput -f  -K /data/scratch/vijender.singh/241223_VL00115_669_AAGC7F3M5/results-241223_VL00115_669_AAGC7F3M5_indexsetA.tar.gz.aa year_2024/241223_VL00115_669_AAGC7F3M5/241223_VL00115_669_AAGC7F3M5_indexsetA/
   (\_)    [2025-05-28 21:33:35]                            Running: iput -f  -K /data/scratch/vijender.singh/241223_VL00115_669_AAGC7F3M5/run_data-241223_VL00115_669_AAGC7F3M5_indexsetA.tar.gz.aa year_2024/241223_VL00115_669_AAGC7F3M5/241223_VL00115_669_AAGC7F3M5_indexsetA/
[00:52:27] [2025-05-28 22:26:02] [20.00 GB] [6.51 MB/s]     SUCCESS: iput -f  -K /data/scratch/vijender.singh/241223_VL00115_669_AAGC7F3M5/run_data-241223_VL00115_669_AAGC7F3M5_indexsetA.tar.gz.aa year_2024/241223_VL00115_669_AAGC7F3M5/241223_VL00115_669_AAGC7F3M5_indexsetA/
   (\_)    [2025-05-28 22:26:03]                            Running: iput -f  -K /data/scratch/vijender.singh/241223_VL00115_669_AAGC7F3M5/run_data-241223_VL00115_669_AAGC7F3M5_indexsetA.tar.gz.ab year_2024/241223_VL00115_669_AAGC7F3M5/241223_VL00115_669_AAGC7F3M5_indexsetA/
[2025-05-28 22:42:04] ERROR: iput -f  -K /data/scratch/vijender.singh/241223_VL00115_669_AAGC7F3M5/run_data-241223_VL00115_669_AAGC7F3M5_indexsetA.tar.gz.ab year_2024/241223_VL00115_669_AAGC7F3M5/241223_VL00115_669_AAGC7F3M5_indexsetA/
Exit Code: 3
Error Output: remote addresses: 158.119.147.138 ERROR: putFileToPortal: totalWritten 10121462585 dataSize 13074909825 mismatch
remote addresses: 158.119.147.138 ERROR: putUtil: put error for /PHE/home/vijender.singh@phe.gov.uk/year_2024/241223_VL00115_669_AAGC7F3M5/241223_VL00115_669_AAGC7F3M5_indexsetA/run_data-241223_VL00115_669_AAGC7F3M5_indexsetA.tar.gz.ab, status = -27000 status = -27000 SYS_COPY_LEN_ERR
Time Elapsed: 00:16:01
 
=========================================================
===>        iRODS Archive process Begins             <===
=========================================================
 
   (\_)    [2025-05-29 09:53:23]                            Running: iput -f  -K /data/scratch/vijender.singh/241223_VL00115_669_AAGC7F3M5/241223_VL00115_669_AAGC7F3M5_samplesheet.csv year_2024/241223_VL00115_669_AAGC7F3M5/
[00:00:01] [2025-05-29 09:53:24] [109.77 KB] [109.77 KB/s]  SUCCESS: iput -f  -K /data/scratch/vijender.singh/241223_VL00115_669_AAGC7F3M5/241223_VL00115_669_AAGC7F3M5_samplesheet.csv year_2024/241223_VL00115_669_AAGC7F3M5/
           [INFO] Skipping transfer : /data/scratch/vijender.singh/241223_VL00115_669_AAGC7F3M5/raw_data-241223_VL00115_669_AAGC7F3M5.tar.gz.aa is already archived and integrity is verified with checksum
           [INFO] Skipping transfer : /data/scratch/vijender.singh/241223_VL00115_669_AAGC7F3M5/raw_data-241223_VL00115_669_AAGC7F3M5-RERUN.tar.gz.aa is already archived and integrity is verified with checksum
           [INFO] Skipping transfer : /data/scratch/vijender.singh/241223_VL00115_669_AAGC7F3M5/raw_data-241223_VL00115_669_AAGC7F3M5.tar.gz.ab is already archived and integrity is verified with checksum
           [INFO] Skipping transfer : /data/scratch/vijender.singh/241223_VL00115_669_AAGC7F3M5/raw_data-241223_VL00115_669_AAGC7F3M5.tar.gz.ac is already archived and integrity is verified with checksum
           [INFO] Skipping transfer : /data/scratch/vijender.singh/241223_VL00115_669_AAGC7F3M5/machine_fastqs_runDir-241223_VL00115_669_AAGC7F3M5-RERUN.tar.gz.aa is already archived and integrity is verified with checksum
           [INFO]  These indexsets were used in RUN  	 : indexsetA indexsetB
           [INFO] Skipping transfer : /data/scratch/vijender.singh/241223_VL00115_669_AAGC7F3M5/results-241223_VL00115_669_AAGC7F3M5_indexsetA.tar.gz.aa is already archived and integrity is verified with checksum
           [INFO] Skipping transfer : /data/scratch/vijender.singh/241223_VL00115_669_AAGC7F3M5/run_data-241223_VL00115_669_AAGC7F3M5_indexsetA.tar.gz.aa is already archived and integrity is verified with checksum
   (\_)    [2025-05-29 09:55:33]                            Running: iput -f  -K /data/scratch/vijender.singh/241223_VL00115_669_AAGC7F3M5/run_data-241223_VL00115_669_AAGC7F3M5_indexsetA.tar.gz.ab year_2024/241223_VL00115_669_AAGC7F3M5/241223_VL00115_669_AAGC7F3M5_indexsetA/
[00:31:00] [2025-05-29 10:26:33] [12.17 GB] [6.70 MB/s]     SUCCESS: iput -f  -K /data/scratch/vijender.singh/241223_VL00115_669_AAGC7F3M5/run_data-241223_VL00115_669_AAGC7F3M5_indexsetA.tar.gz.ab year_2024/241223_VL00115_669_AAGC7F3M5/241223_VL00115_669_AAGC7F3M5_indexsetA/
   (\_)    [2025-05-29 10:27:16]                            Running: iput -f  -K /data/scratch/vijender.singh/241223_VL00115_669_AAGC7F3M5/results-241223_VL00115_669_AAGC7F3M5-RERUN_indexsetB.tar.gz.aa year_2024/241223_VL00115_669_AAGC7F3M5/241223_VL00115_669_AAGC7F3M5_indexsetB/
[00:00:28] [2025-05-29 10:27:44] [272.50 MB] [9.73 MB/s]    SUCCESS: iput -f  -K /data/scratch/vijender.singh/241223_VL00115_669_AAGC7F3M5/results-241223_VL00115_669_AAGC7F3M5-RERUN_indexsetB.tar.gz.aa year_2024/241223_VL00115_669_AAGC7F3M5/241223_VL00115_669_AAGC7F3M5_indexsetB/
   (\_)    [2025-05-29 10:27:45]                            Running: iput -f  -K /data/scratch/vijender.singh/241223_VL00115_669_AAGC7F3M5/machine_fastqs-241223_VL00115_669_AAGC7F3M5-RERUN_indexsetB.tar.gz.aa year_2024/241223_VL00115_669_AAGC7F3M5/241223_VL00115_669_AAGC7F3M5_indexsetB/
[00:00:10] [2025-05-29 10:27:55] [126.30 MB] [12.63 MB/s]   SUCCESS: iput -f  -K /data/scratch/vijender.singh/241223_VL00115_669_AAGC7F3M5/machine_fastqs-241223_VL00115_669_AAGC7F3M5-RERUN_indexsetB.tar.gz.aa year_2024/241223_VL00115_669_AAGC7F3M5/241223_VL00115_669_AAGC7F3M5_indexsetB/
   (\_)    [2025-05-29 10:27:57]                            Running: iput -f  -K /data/scratch/vijender.singh/241223_VL00115_669_AAGC7F3M5/run_data-241223_VL00115_669_AAGC7F3M5-RERUN_indexsetB.tar.gz.aa year_2024/241223_VL00115_669_AAGC7F3M5/241223_VL00115_669_AAGC7F3M5_indexsetB/
[00:01:40] [2025-05-29 10:29:37] [910.84 MB] [9.11 MB/s]    SUCCESS: iput -f  -K /data/scratch/vijender.singh/241223_VL00115_669_AAGC7F3M5/run_data-241223_VL00115_669_AAGC7F3M5-RERUN_indexsetB.tar.gz.aa year_2024/241223_VL00115_669_AAGC7F3M5/241223_VL00115_669_AAGC7F3M5_indexsetB/
   (\_)    [2025-05-29 10:29:38]                            Running: iput -f  -K /data/scratch/vijender.singh/241223_VL00115_669_AAGC7F3M5/run_data-241223_VL00115_669_AAGC7F3M5_indexsetB.tar.gz.ab year_2024/241223_VL00115_669_AAGC7F3M5/241223_VL00115_669_AAGC7F3M5_indexsetB/
[00:01:39] [2025-05-29 10:31:17] [953.61 MB] [9.63 MB/s]    SUCCESS: iput -f  -K /data/scratch/vijender.singh/241223_VL00115_669_AAGC7F3M5/run_data-241223_VL00115_669_AAGC7F3M5_indexsetB.tar.gz.ab year_2024/241223_VL00115_669_AAGC7F3M5/241223_VL00115_669_AAGC7F3M5_indexsetB/
   (\_)    [2025-05-29 10:31:18]                            Running: iput -f  -K /data/scratch/vijender.singh/241223_VL00115_669_AAGC7F3M5/run_data-241223_VL00115_669_AAGC7F3M5_indexsetB.tar.gz.aa year_2024/241223_VL00115_669_AAGC7F3M5/241223_VL00115_669_AAGC7F3M5_indexsetB/
[00:54:52] [2025-05-29 11:26:10] [20.00 GB] [6.22 MB/s]     SUCCESS: iput -f  -K /data/scratch/vijender.singh/241223_VL00115_669_AAGC7F3M5/run_data-241223_VL00115_669_AAGC7F3M5_indexsetB.tar.gz.aa year_2024/241223_VL00115_669_AAGC7F3M5/241223_VL00115_669_AAGC7F3M5_indexsetB/
           [INFO] No all-labelled files to archive for indexset: all
           [INFO] No Loose ends : Everything Archived properly
==> [01:32:49] time taken for START_TIME_2 Archiving to iRODS and addition of metadata.
